<?xml version="1.0" encoding="UTF-8"?>
<!-- Generated by org.testng.reporters.JUnitReportReporter -->
<testsuite hostname="DESKTOP-LTMRD99" name="Academy.validateTitle" tests="1" failures="0" timestamp="13 Sep 2019 00:49:57 GMT" time="0.132" errors="0">
  <testcase name="validateAppTitle" time="0.132" classname="Academy.validateTitle"/>
</testsuite> <!-- Academy.validateTitle -->
