<?xml version="1.0" encoding="UTF-8"?>
<!-- Generated by org.testng.reporters.JUnitReportReporter -->
<testsuite hostname="DESKTOP-LTMRD99" name="Academy.HomePage" tests="2" failures="0" timestamp="13 Sep 2019 00:49:57 GMT" time="35.751" errors="0">
  <testcase name="basePageNavigation" time="25.676" classname="Academy.HomePage"/>
  <testcase name="basePageNavigation" time="10.075" classname="Academy.HomePage"/>
</testsuite> <!-- Academy.HomePage -->
