<?xml version="1.0" encoding="UTF-8"?>
<!-- Generated by org.testng.reporters.JUnitReportReporter -->
<testsuite hostname="DESKTOP-LTMRD99" name="Academy.HomePage" tests="2" failures="0" timestamp="13 Sep 2019 00:32:08 GMT" time="33.568" errors="0">
  <testcase name="basePageNavigation" time="11.908" classname="Academy.HomePage"/>
  <testcase name="basePageNavigation" time="21.660" classname="Academy.HomePage"/>
</testsuite> <!-- Academy.HomePage -->
